\BOOKMARK [1][-]{section.1}{\376\377\000I\000n\000t\000r\000o\000d\000u\000c\000t\000i\000o\000n\000:\000\040\000S\000c\000a\000l\000a\000b\000i\000l\000i\000t\000y\000\040\000C\000r\000i\000s\000i\000s\000\040\000a\000n\000d\000\040\000t\000h\000e\000\040\000E\000a\000C\000\040\000R\000e\000s\000p\000o\000n\000s\000e}{}% 1
\BOOKMARK [1][-]{section.2}{\376\377\000E\000n\000g\000i\000n\000e\000e\000r\000i\000n\000g\000-\000a\000s\000-\000C\000o\000d\000e\000\040\000a\000n\000d\000\040\000t\000h\000e\000\040\000Q\000u\000a\000n\000t\000u\000m\000\040\000A\000S\000I\000C\000\040\000P\000a\000r\000a\000d\000i\000g\000m}{}% 2
\BOOKMARK [2][-]{subsection.2.1}{\376\377\000E\000a\000C\000\040\000a\000s\000\040\000O\000r\000g\000a\000n\000i\000z\000i\000n\000g\000\040\000P\000r\000i\000n\000c\000i\000p\000l\000e}{section.2}% 3
\BOOKMARK [2][-]{subsection.2.2}{\376\377\000P\000r\000o\000t\000o\000c\000o\000l\000\040\000L\000a\000y\000e\000r\000\040\000a\000n\000d\000\040\000M\000i\000n\000i\000m\000a\000l\000\040\000Q\000u\000a\000n\000t\000u\000m\000\040\000A\000S\000I\000C}{section.2}% 4
\BOOKMARK [1][-]{section.3}{\376\377\000C\000r\000y\000o\000g\000e\000n\000i\000c\000\040\000H\000a\000r\000d\000w\000a\000r\000e\000:\000\040\000T\000a\000r\000g\000e\000t\000\040\000o\000f\000\040\000t\000h\000e\000\040\000E\000a\000C\000\040\000P\000i\000p\000e\000l\000i\000n\000e}{}% 5
\BOOKMARK [2][-]{subsection.3.1}{\376\377\000M\000a\000g\000n\000e\000t\000i\000c\000\040\000M\000e\000t\000a\000-\000A\000t\000o\000m\000s\000:\000\040\000r\000f\000-\000S\000Q\000U\000I\000D\000s}{section.3}% 6
\BOOKMARK [2][-]{subsection.3.2}{\376\377\000A\000c\000o\000u\000s\000t\000i\000c\000\040\000M\000e\000t\000a\000-\000A\000t\000o\000m\000s\000:\000\040\000L\000i\000t\000h\000i\000u\000m\000\040\000N\000i\000o\000b\000a\000t\000e\000\040\000B\000A\000W}{section.3}% 7
\BOOKMARK [2][-]{subsection.3.3}{\376\377\0002\0008\000n\000m\000\040\000F\000D\000-\000S\000O\000I\000\040\000C\000r\000y\000o\000-\000C\000M\000O\000S\000\040\000C\000o\000n\000t\000r\000o\000l}{section.3}% 8
\BOOKMARK [1][-]{section.4}{\376\377\000S\000i\000m\000u\000l\000a\000t\000i\000o\000n\000\040\000a\000n\000d\000\040\000C\000o\000m\000p\000u\000t\000a\000t\000i\000o\000n\000a\000l\000\040\000S\000t\000a\000c\000k\000\040\000\050\000E\000a\000C\000\040\000C\000o\000r\000e\000\051}{}% 9
\BOOKMARK [2][-]{subsection.4.1}{\376\377\000H\000a\000m\000i\000l\000t\000o\000n\000i\000a\000n\000\040\000a\000n\000d\000\040\000S\000i\000n\000g\000l\000e\000-\000M\000e\000t\000a\000-\000A\000t\000o\000m\000:\000\040\000s\000c\000q\000u\000b\000i\000t\000s}{section.4}% 10
\BOOKMARK [2][-]{subsection.4.2}{\376\377\0002\000D\000\040\000M\000e\000i\000s\000s\000n\000e\000r\000\040\000S\000c\000r\000e\000e\000n\000i\000n\000g\000\040\000a\000n\000d\000\040\000A\000r\000r\000a\000y\000\040\000I\000n\000d\000u\000c\000t\000a\000n\000c\000e\000:\000\040\000S\000u\000p\000e\000r\000S\000c\000r\000e\000e\000n}{section.4}% 11
\BOOKMARK [2][-]{subsection.4.3}{\376\377\000O\000p\000e\000n\000\040\000Q\000u\000a\000n\000t\000u\000m\000\040\000S\000y\000s\000t\000e\000m\000s\000\040\000a\000n\000d\000\040\000T\000L\000S\000:\000\040\000Q\000u\000T\000i\000P}{section.4}% 12
\BOOKMARK [1][-]{section.5}{\376\377\000A\000l\000g\000o\000r\000i\000t\000h\000m\000i\000c\000\040\000C\000o\000n\000t\000r\000o\000l\000\040\000L\000o\000o\000p\000\040\000\050\000E\000a\000C\000:\000\040\000R\000o\000u\000t\000i\000n\000g\000\040\000a\000n\000d\000\040\000I\000n\000v\000e\000r\000s\000e\000\040\000D\000e\000s\000i\000g\000n\000\051}{}% 13
\BOOKMARK [2][-]{subsection.5.1}{\376\377\000Q\000U\000B\000O\000\040\000a\000n\000d\000\040\000Q\000A\000O\000A\000\040\000R\000o\000u\000t\000i\000n\000g}{section.5}% 14
\BOOKMARK [2][-]{subsection.5.2}{\376\377\000D\000N\000N\000\040\000I\000n\000v\000e\000r\000s\000e\000\040\000D\000e\000s\000i\000g\000n\000\040\000a\000n\000d\000\040\000P\000h\000a\000s\000e\000\040\000S\000y\000n\000t\000h\000e\000s\000i\000s}{section.5}% 15
\BOOKMARK [1][-]{section.6}{\376\377\000A\000p\000p\000l\000i\000c\000a\000t\000i\000o\000n\000s\000\040\000o\000f\000\040\000t\000h\000e\000\040\000E\000a\000C\000\040\000Q\000u\000a\000n\000t\000u\000m\000\040\000A\000S\000I\000C}{}% 16
\BOOKMARK [2][-]{subsection.6.1}{\376\377\000O\000n\000-\000C\000h\000i\000p\000\040\000Q\000u\000a\000n\000t\000u\000m\000\040\000B\000u\000s}{section.6}% 17
\BOOKMARK [2][-]{subsection.6.2}{\376\377\000S\000A\000T\000C\000O\000M\000:\000\040\000W\000e\000a\000t\000h\000e\000r\000-\000R\000e\000s\000i\000l\000i\000e\000n\000t\000\040\000M\000i\000c\000r\000o\000w\000a\000v\000e\000\040\000Q\000K\000D}{section.6}% 18
\BOOKMARK [2][-]{subsection.6.3}{\376\377\000T\000e\000r\000r\000e\000s\000t\000r\000i\000a\000l\000\040\000P\0002\000P\000\040\000B\000a\000c\000k\000h\000a\000u\000l}{section.6}% 19
\BOOKMARK [2][-]{subsection.6.4}{\376\377\000Q\000u\000a\000n\000t\000u\000m\000\040\000I\000l\000l\000u\000m\000i\000n\000a\000t\000i\000o\000n}{section.6}% 20
\BOOKMARK [1][-]{section.7}{\376\377\000E\000c\000o\000s\000y\000s\000t\000e\000m\000\040\000a\000n\000d\000\040\000C\000o\000s\000t\000-\000E\000f\000f\000e\000c\000t\000i\000v\000e\000\040\000I\000n\000f\000r\000a\000s\000t\000r\000u\000c\000t\000u\000r\000e\000\040\000\050\000P\000a\000r\000t\000n\000e\000r\000-\000N\000e\000u\000t\000r\000a\000l\000\051}{}% 21
\BOOKMARK [1][-]{section.8}{\376\377\000R\000o\000a\000d\000m\000a\000p\000\040\000a\000n\000d\000\040\000I\000m\000p\000l\000e\000m\000e\000n\000t\000a\000t\000i\000o\000n}{}% 22
\BOOKMARK [1][-]{section.9}{\376\377\000C\000o\000n\000c\000l\000u\000s\000i\000o\000n\000s}{}% 23
\BOOKMARK [1][-]{appendix.A}{\376\377\000Q\000A\000O\000A\000\040\000a\000n\000d\000\040\000D\000N\000N\000\040\000P\000h\000a\000s\000e\000\040\000S\000y\000n\000t\000h\000e\000s\000i\000s\000\040\000\050\000S\000u\000m\000m\000a\000r\000y\000\051}{}% 24
\BOOKMARK [1][-]{appendix.B}{\376\377\000C\000o\000d\000e\000\040\000a\000n\000d\000\040\000R\000e\000p\000o\000s\000i\000t\000o\000r\000y}{}% 25
